2025-04-23 20:58:56:5856 [32minfo[39m: [32mMongoDB database connected successfully[39m
2025-04-23 20:59:10:5910 [32minfo[39m: [32mMongoDB database connected successfully[39m
2025-04-23 20:59:14:5914 [32minfo[39m: [32mServer running at port 3001[39m
2025-04-23 20:59:14:5914 [32minfo[39m: [32mMongoDB database connected successfully[39m
2025-04-23 20:59:22:5922 [32minfo[39m: [32mServer running at port 3001[39m
2025-04-23 20:59:23:5923 [32minfo[39m: [32mMongoDB database connected successfully[39m
2025-04-23 21:00:03:03 [32minfo[39m: [32mServer running at port 3001[39m
2025-04-23 21:00:04:04 [32minfo[39m: [32mServer running at port 3001[39m
2025-04-23 21:00:05:05 [32minfo[39m: [32mMongoDB database connected successfully[39m
2025-04-23 21:00:18:018 [32minfo[39m: [32mServer running at port 3001[39m
2025-04-23 21:00:19:019 [32minfo[39m: [32mMongoDB database connected successfully[39m
2025-04-23 21:00:41:041 [32minfo[39m: [32mServer running at port 3001[39m
2025-04-23 21:00:41:041 [32minfo[39m: [32mMongoDB database connected successfully[39m
2025-04-23 21:01:06:16 [32minfo[39m: [32mServer running at port 3001[39m
2025-04-23 21:01:07:17 [32minfo[39m: [32mMongoDB database connected successfully[39m
2025-04-23 21:03:07:37 [32minfo[39m: [32mServer running at port 3001[39m
2025-04-23 21:03:08:38 [32minfo[39m: [32mMongoDB database connected successfully[39m
2025-04-24 11:01:43:143 [32minfo[39m: [32mServer running at port 3001[39m
2025-04-24 11:01:43:143 [32minfo[39m: [32mMongoDB database connected successfully[39m
2025-04-24 11:01:52:152 [32minfo[39m: [32mServer running at port 3001[39m
2025-04-24 11:01:52:152 [32minfo[39m: [32mMongoDB database connected successfully[39m
2025-04-24 11:01:56:156 [32minfo[39m: [32mServer running at port 3001[39m
2025-04-24 11:01:56:156 [32minfo[39m: [32mMongoDB database connected successfully[39m
2025-04-24 11:04:10:410 [32minfo[39m: [32mServer running at port 3001[39m
2025-04-24 11:04:11:411 [32minfo[39m: [32mMongoDB database connected successfully[39m
2025-04-24 11:04:14:414 [33mwarn[39m: [33mPort 3001 is already in use. Trying another port...[39m
2025-04-24 11:04:14:414 [32minfo[39m: [32mServer running at port 3002 (port 3001 was in use)[39m
2025-04-24 11:04:15:415 [32minfo[39m: [32mMongoDB database connected successfully[39m
2025-04-24 11:21:32:2132 [32minfo[39m: [32mServer running at port 3001[39m
2025-04-24 11:21:33:2133 [32minfo[39m: [32mMongoDB database connected successfully[39m
2025-04-30 09:32:21:3221 [32minfo[39m: [32mServer running at port 3001[39m
2025-04-30 09:32:22:3222 [32minfo[39m: [32mMongoDB database connected successfully[39m
2025-04-30 10:56:58:5658 [33mwarn[39m: [33mPort 3001 is already in use. Trying another port...[39m
2025-04-30 10:56:58:5658 [32minfo[39m: [32mServer running at port 3002 (port 3001 was in use)[39m
2025-04-30 10:56:59:5659 [32minfo[39m: [32mMongoDB database connected successfully[39m
2025-04-30 10:58:13:5813 [32minfo[39m: [32mServer running at port 3001[39m
2025-04-30 10:58:13:5813 [33mwarn[39m: [33mPort 3001 is already in use. Trying another port...[39m
2025-04-30 10:58:13:5813 [32minfo[39m: [32mServer running at port 3002 (port 3001 was in use)[39m
2025-04-30 10:58:14:5814 [32minfo[39m: [32mMongoDB database connected successfully[39m
2025-04-30 10:58:14:5814 [32minfo[39m: [32mMongoDB database connected successfully[39m
2025-04-30 10:59:11:5911 [32minfo[39m: [32mServer running at port 3001[39m
2025-04-30 10:59:11:5911 [33mwarn[39m: [33mPort 3001 is already in use. Trying another port...[39m
2025-04-30 10:59:11:5911 [32minfo[39m: [32mServer running at port 3002 (port 3001 was in use)[39m
2025-04-30 10:59:11:5911 [32minfo[39m: [32mMongoDB database connected successfully[39m
2025-04-30 10:59:11:5911 [32minfo[39m: [32mMongoDB database connected successfully[39m
2025-04-30 10:59:19:5919 [32minfo[39m: [32mServer running at port 3001[39m
2025-04-30 10:59:19:5919 [33mwarn[39m: [33mPort 3001 is already in use. Trying another port...[39m
2025-04-30 10:59:19:5919 [32minfo[39m: [32mServer running at port 3002 (port 3001 was in use)[39m
2025-04-30 10:59:19:5919 [32minfo[39m: [32mMongoDB database connected successfully[39m
2025-04-30 10:59:19:5919 [32minfo[39m: [32mMongoDB database connected successfully[39m
2025-04-30 11:00:56:056 [32minfo[39m: [32mServer running at port 3001[39m
2025-04-30 11:00:56:056 [33mwarn[39m: [33mPort 3001 is already in use. Trying another port...[39m
2025-04-30 11:00:56:056 [32minfo[39m: [32mServer running at port 3002 (port 3001 was in use)[39m
2025-04-30 11:00:57:057 [32minfo[39m: [32mMongoDB database connected successfully[39m
2025-04-30 11:00:57:057 [32minfo[39m: [32mMongoDB database connected successfully[39m
2025-04-30 11:01:00:10 [32minfo[39m: [32mServer running at port 3001[39m
2025-04-30 11:01:00:10 [33mwarn[39m: [33mPort 3001 is already in use. Trying another port...[39m
2025-04-30 11:01:00:10 [32minfo[39m: [32mServer running at port 3002 (port 3001 was in use)[39m
2025-04-30 11:01:03:13 [32minfo[39m: [32mMongoDB database connected successfully[39m
2025-04-30 11:01:04:14 [32minfo[39m: [32mMongoDB database connected successfully[39m
2025-04-30 11:01:29:129 [32minfo[39m: [32mServer running at port 3001[39m
2025-04-30 11:01:29:129 [33mwarn[39m: [33mPort 3001 is already in use. Trying another port...[39m
2025-04-30 11:01:29:129 [32minfo[39m: [32mServer running at port 3002 (port 3001 was in use)[39m
2025-04-30 11:01:29:129 [32minfo[39m: [32mMongoDB database connected successfully[39m
2025-04-30 11:01:29:129 [32minfo[39m: [32mMongoDB database connected successfully[39m
2025-04-30 11:01:42:142 [32minfo[39m: [32mServer running at port 3001[39m
2025-04-30 11:01:42:142 [33mwarn[39m: [33mPort 3001 is already in use. Trying another port...[39m
2025-04-30 11:01:42:142 [32minfo[39m: [32mServer running at port 3002 (port 3001 was in use)[39m
2025-04-30 11:01:42:142 [32minfo[39m: [32mMongoDB database connected successfully[39m
2025-04-30 11:01:42:142 [32minfo[39m: [32mMongoDB database connected successfully[39m
2025-04-30 11:02:24:224 [32minfo[39m: [32mServer running at port 3001[39m
2025-04-30 11:02:24:224 [33mwarn[39m: [33mPort 3001 is already in use. Trying another port...[39m
2025-04-30 11:02:24:224 [32minfo[39m: [32mServer running at port 3002 (port 3001 was in use)[39m
2025-04-30 11:02:24:224 [32minfo[39m: [32mMongoDB database connected successfully[39m
2025-04-30 11:02:24:224 [32minfo[39m: [32mMongoDB database connected successfully[39m
2025-04-30 11:02:29:229 [32minfo[39m: [32mServer running at port 3001[39m
2025-04-30 11:02:29:229 [33mwarn[39m: [33mPort 3001 is already in use. Trying another port...[39m
2025-04-30 11:02:29:229 [32minfo[39m: [32mServer running at port 3002 (port 3001 was in use)[39m
2025-04-30 11:02:29:229 [32minfo[39m: [32mMongoDB database connected successfully[39m
2025-04-30 11:02:29:229 [32minfo[39m: [32mMongoDB database connected successfully[39m
2025-04-30 11:10:08:108 [32minfo[39m: [32mServer running at port 3001[39m
2025-04-30 11:10:08:108 [33mwarn[39m: [33mPort 3001 is already in use. Trying another port...[39m
2025-04-30 11:10:08:108 [32minfo[39m: [32mServer running at port 3002 (port 3001 was in use)[39m
2025-04-30 11:10:08:108 [32minfo[39m: [32mMongoDB database connected successfully[39m
2025-04-30 11:10:08:108 [32minfo[39m: [32mMongoDB database connected successfully[39m
2025-04-30 11:11:50:1150 [32minfo[39m: [32mServer running at port 3001[39m
2025-04-30 11:11:50:1150 [33mwarn[39m: [33mPort 3001 is already in use. Trying another port...[39m
2025-04-30 11:11:50:1150 [32minfo[39m: [32mServer running at port 3002 (port 3001 was in use)[39m
2025-04-30 11:11:50:1150 [32minfo[39m: [32mMongoDB database connected successfully[39m
2025-04-30 11:11:50:1150 [32minfo[39m: [32mMongoDB database connected successfully[39m
2025-04-30 12:00:35:035 [32minfo[39m: [32mServer running at port 3001[39m
2025-04-30 12:00:35:035 [33mwarn[39m: [33mPort 3001 is already in use. Trying another port...[39m
2025-04-30 12:00:35:035 [32minfo[39m: [32mServer running at port 3002 (port 3001 was in use)[39m
2025-04-30 12:00:35:035 [32minfo[39m: [32mMongoDB database connected successfully[39m
2025-04-30 12:00:35:035 [32minfo[39m: [32mMongoDB database connected successfully[39m
2025-04-30 12:03:01:31 [32minfo[39m: [32mServer running at port 3001[39m
2025-04-30 12:03:02:32 [32minfo[39m: [32mMongoDB database connected successfully[39m
2025-04-30 12:07:55:755 [32minfo[39m: [32mServer running at port 3001[39m
2025-04-30 12:07:55:755 [32minfo[39m: [32mMongoDB database connected successfully[39m
2025-04-30 12:19:46:1946 [32minfo[39m: [32mServer running at port 3001[39m
2025-04-30 12:19:46:1946 [32minfo[39m: [32mMongoDB database connected successfully[39m
2025-04-30 12:19:48:1948 [32minfo[39m: [32mServer running at port 3001[39m
2025-04-30 12:19:48:1948 [32minfo[39m: [32mMongoDB database connected successfully[39m
2025-04-30 12:20:12:2012 [32minfo[39m: [32mServer running at port 3001[39m
2025-04-30 12:20:13:2013 [32minfo[39m: [32mMongoDB database connected successfully[39m
2025-04-30 12:21:29:2129 [32minfo[39m: [32mServer running at port 3001[39m
2025-04-30 12:21:29:2129 [32minfo[39m: [32mMongoDB database connected successfully[39m
2025-04-30 12:22:21:2221 [32minfo[39m: [32mServer running at port 3001[39m
2025-04-30 12:22:22:2222 [32minfo[39m: [32mMongoDB database connected successfully[39m
2025-04-30 12:23:26:2326 [32minfo[39m: [32mServer running at port 3001[39m
2025-04-30 12:23:27:2327 [32minfo[39m: [32mMongoDB database connected successfully[39m
2025-04-30 15:37:20:3720 [32minfo[39m: [32mServer running at port 3001[39m
2025-04-30 15:37:21:3721 [32minfo[39m: [32mMongoDB database connected successfully[39m
2025-04-30 15:58:53:5853 [37mdebug[39m: [37mCache: Key set - /subject/subjects?sem=7[39m
2025-04-30 15:58:53:5853 [37mdebug[39m: [37mCache MISS: /subject/subjects?sem=7 - Cached for 600s[39m
2025-04-30 16:09:25:925 [32minfo[39m: [32mServer running at port 3001[39m
2025-04-30 16:09:25:925 [32minfo[39m: [32mMongoDB database connected successfully[39m
2025-04-30 16:19:01:191 [32minfo[39m: [32mServer running at port 3001[39m
2025-04-30 16:19:02:192 [32minfo[39m: [32mMongoDB database connected successfully[39m
2025-04-30 16:19:07:197 [32minfo[39m: [32mServer running at port 3001[39m
2025-04-30 16:19:08:198 [32minfo[39m: [32mMongoDB database connected successfully[39m
2025-04-30 16:19:49:1949 [32minfo[39m: [32mServer running at port 3001[39m
2025-04-30 16:19:50:1950 [32minfo[39m: [32mMongoDB database connected successfully[39m
2025-04-30 16:19:59:1959 [32minfo[39m: [32mServer running at port 3001[39m
2025-04-30 16:19:59:1959 [32minfo[39m: [32mMongoDB database connected successfully[39m
2025-04-30 16:23:49:2349 [32minfo[39m: [32mServer running at port 3001[39m
2025-04-30 16:23:50:2350 [32minfo[39m: [32mMongoDB database connected successfully[39m
2025-04-30 16:26:29:2629 [32minfo[39m: [32mServer running at port 3001[39m
2025-04-30 16:26:30:2630 [32minfo[39m: [32mMongoDB database connected successfully[39m
2025-04-30 16:26:50:2650 [32minfo[39m: [32mServer running at port 3001[39m
2025-04-30 16:26:50:2650 [32minfo[39m: [32mMongoDB database connected successfully[39m
2025-04-30 16:27:50:2750 [32minfo[39m: [32mServer running at port 3001[39m
2025-04-30 16:27:51:2751 [32minfo[39m: [32mMongoDB database connected successfully[39m
2025-04-30 16:34:01:341 [32minfo[39m: [32mServer running at port 3001[39m
2025-04-30 16:34:01:341 [32minfo[39m: [32mMongoDB database connected successfully[39m
2025-04-30 16:34:07:347 [32minfo[39m: [32mServer running at port 3001[39m
2025-04-30 16:34:07:347 [32minfo[39m: [32mMongoDB database connected successfully[39m
2025-04-30 16:35:21:3521 [32minfo[39m: [32mServer running at port 3001[39m
2025-04-30 16:35:22:3522 [32minfo[39m: [32mMongoDB database connected successfully[39m
2025-04-30 16:35:32:3532 [32minfo[39m: [32mServer running at port 3001[39m
2025-04-30 16:35:33:3533 [32minfo[39m: [32mMongoDB database connected successfully[39m
2025-04-30 16:35:37:3537 [32minfo[39m: [32mServer running at port 3001[39m
2025-04-30 16:35:38:3538 [32minfo[39m: [32mMongoDB database connected successfully[39m
2025-04-30 16:37:15:3715 [37mdebug[39m: [37mCache: Key set - /subject/subjects?sem=7[39m
2025-04-30 16:37:15:3715 [37mdebug[39m: [37mCache MISS: /subject/subjects?sem=7 - Cached for 600s[39m
2025-04-30 16:41:03:413 [32minfo[39m: [32mServer running at port 3001[39m
2025-04-30 16:41:05:415 [32minfo[39m: [32mServer running at port 3001[39m
2025-04-30 16:41:06:416 [32minfo[39m: [32mMongoDB database connected successfully[39m
2025-04-30 16:41:17:4117 [32minfo[39m: [32mServer running at port 3001[39m
2025-04-30 16:41:17:4117 [32minfo[39m: [32mMongoDB database connected successfully[39m
2025-04-30 16:47:14:4714 [32minfo[39m: [32mServer running at port 3001[39m
2025-04-30 16:47:14:4714 [32minfo[39m: [32mMongoDB database connected successfully[39m
2025-04-30 16:47:16:4716 [32minfo[39m: [32mServer running at port 3001[39m
2025-04-30 16:47:16:4716 [32minfo[39m: [32mMongoDB database connected successfully[39m
2025-04-30 16:47:37:4737 [32minfo[39m: [32mServer running at port 3001[39m
2025-04-30 16:47:37:4737 [32minfo[39m: [32mMongoDB database connected successfully[39m
2025-04-30 16:49:32:4932 [32minfo[39m: [32mServer running at port 3001[39m
2025-04-30 16:49:33:4933 [32minfo[39m: [32mMongoDB database connected successfully[39m
2025-04-30 16:49:35:4935 [32minfo[39m: [32mServer running at port 3001[39m
2025-04-30 16:49:35:4935 [32minfo[39m: [32mMongoDB database connected successfully[39m
2025-04-30 16:49:49:4949 [32minfo[39m: [32mServer running at port 3001[39m
2025-04-30 16:49:49:4949 [32minfo[39m: [32mMongoDB database connected successfully[39m
2025-04-30 16:50:01:501 [32minfo[39m: [32mServer is listening on port 3001...[39m
2025-04-30 16:50:01:501 [32minfo[39m: [32mMongoDB database connected successfully[39m
2025-04-30 16:50:13:5013 [32minfo[39m: [32mServer is listening on port 3001...[39m
2025-04-30 16:50:15:5015 [32minfo[39m: [32mServer is listening on port 3001...[39m
2025-04-30 16:50:15:5015 [32minfo[39m: [32mMongoDB database connected successfully[39m
2025-04-30 16:58:15:5815 [32minfo[39m: [32mServer is listening on port 3001...[39m
2025-04-30 16:58:15:5815 [32minfo[39m: [32mMongoDB database connected successfully[39m
2025-04-30 18:56:04:564 [32minfo[39m: [32mServer is listening on port 3001...[39m
2025-04-30 18:56:05:565 [32minfo[39m: [32mMongoDB database connected successfully[39m
2025-04-30 19:00:39:039 [32minfo[39m: [32mServer is listening on port 3001...[39m
2025-04-30 19:00:40:040 [32minfo[39m: [32mMongoDB database connected successfully[39m
2025-04-30 19:02:25:225 [32minfo[39m: [32mServer is listening on port 3001...[39m
2025-04-30 19:02:26:226 [32minfo[39m: [32mMongoDB database connected successfully[39m
2025-05-01 09:42:40:4240 [32minfo[39m: [32mServer is listening on port 3001...[39m
2025-05-01 09:42:42:4242 [32minfo[39m: [32mMongoDB database connected successfully[39m
2025-05-01 09:49:54:4954 [32minfo[39m: [32mServer is listening on port 3001...[39m
2025-05-01 09:49:54:4954 [32minfo[39m: [32mMongoDB database connected successfully[39m
2025-05-01 09:50:12:5012 [32minfo[39m: [32mServer is listening on port 3001...[39m
2025-05-01 09:50:13:5013 [32minfo[39m: [32mMongoDB database connected successfully[39m
2025-05-01 09:50:27:5027 [32minfo[39m: [32mServer is listening on port 3001...[39m
2025-05-01 09:50:27:5027 [32minfo[39m: [32mMongoDB database connected successfully[39m
2025-05-01 10:18:38:1838 [32minfo[39m: [32mServer is listening on port 3001...[39m
2025-05-01 10:18:45:1845 [32minfo[39m: [32mMongoDB database connected successfully[39m
2025-05-01 10:19:39:1939 [32minfo[39m: [32mServer is listening on port 3001...[39m
2025-05-01 10:19:40:1940 [32minfo[39m: [32mMongoDB database connected successfully[39m
2025-05-01 10:20:37:2037 [32minfo[39m: [32mServer is listening on port 3001...[39m
2025-05-01 10:20:38:2038 [32minfo[39m: [32mMongoDB database connected successfully[39m
2025-05-01 10:23:20:2320 [32minfo[39m: [32mServer is listening on port 3001...[39m
2025-05-01 10:23:21:2321 [32minfo[39m: [32mMongoDB database connected successfully[39m
2025-05-01 10:29:01:291 [32minfo[39m: [32mServer is listening on port 3001...[39m
2025-05-01 10:29:05:295 [32minfo[39m: [32mServer is listening on port 3001...[39m
2025-05-01 10:29:12:2912 [32minfo[39m: [32mMongoDB database connected successfully[39m
2025-05-01 10:29:25:2925 [32minfo[39m: [32mServer is listening on port 3001...[39m
2025-05-01 10:29:29:2929 [32minfo[39m: [32mServer is listening on port 3001...[39m
2025-05-01 10:29:34:2934 [32minfo[39m: [32mMongoDB database connected successfully[39m
2025-05-01 10:30:00:300 [32minfo[39m: [32mServer is listening on port 3001...[39m
2025-05-01 10:30:01:301 [32minfo[39m: [32mServer is listening on port 3001...[39m
2025-05-01 10:30:09:309 [32minfo[39m: [32mMongoDB database connected successfully[39m
2025-05-01 10:30:14:3014 [32minfo[39m: [32mServer is listening on port 3001...[39m
2025-05-01 10:30:22:3022 [32minfo[39m: [32mMongoDB database connected successfully[39m
2025-05-01 10:30:30:3030 [32minfo[39m: [32mServer is listening on port 3001...[39m
2025-05-01 10:30:31:3031 [32minfo[39m: [32mMongoDB database connected successfully[39m
2025-05-01 10:30:35:3035 [32minfo[39m: [32mServer is listening on port 3001...[39m
2025-05-01 10:30:41:3041 [32minfo[39m: [32mMongoDB database connected successfully[39m
2025-05-01 10:33:06:336 [32minfo[39m: [32mServer is listening on port 3001...[39m
2025-05-01 10:33:07:337 [32minfo[39m: [32mMongoDB database connected successfully[39m
2025-05-01 10:34:14:3414 [32minfo[39m: [32mServer is listening on port 3001...[39m
2025-05-01 10:34:15:3415 [32minfo[39m: [32mMongoDB database connected successfully[39m
2025-05-01 10:34:26:3426 [32minfo[39m: [32mServer is listening on port 3001...[39m
2025-05-01 10:34:28:3428 [32minfo[39m: [32mMongoDB database connected successfully[39m
2025-05-01 10:36:11:3611 [32minfo[39m: [32mServer is listening on port 3001...[39m
2025-05-01 10:36:14:3614 [32minfo[39m: [32mMongoDB database connected successfully[39m
2025-05-01 10:36:55:3655 [32minfo[39m: [32mMongoDB database connected successfully[39m
2025-05-01 10:37:43:3743 [32minfo[39m: [32mMongoDB database connected successfully[39m
2025-05-01 10:38:30:3830 [32minfo[39m: [32mServer is listening on port 3001...[39m
2025-05-01 10:38:33:3833 [32minfo[39m: [32mMongoDB database connected successfully[39m
2025-05-01 10:38:33:3833 [32minfo[39m: [32mMongoDB database connected successfully[39m
2025-05-01 10:38:33:3833 [32minfo[39m: [32mMongoDB database connected successfully[39m
2025-05-01 10:42:32:4232 [32minfo[39m: [32mServer is listening on port 3001...[39m
2025-05-01 10:42:34:4234 [32minfo[39m: [32mMongoDB database connected successfully[39m
2025-05-01 10:42:34:4234 [32minfo[39m: [32mMongoDB database connected successfully[39m
2025-05-01 10:42:38:4238 [32minfo[39m: [32mServer is listening on port 3001...[39m
2025-05-01 10:42:41:4241 [32minfo[39m: [32mMongoDB database connected successfully[39m
2025-05-01 10:42:41:4241 [32minfo[39m: [32mMongoDB database connected successfully[39m
2025-05-01 10:42:54:4254 [32minfo[39m: [32mServer is listening on port 3001...[39m
2025-05-01 10:42:57:4257 [32minfo[39m: [32mMongoDB database connected successfully[39m
2025-05-01 10:42:59:4259 [32minfo[39m: [32mServer is listening on port 3001...[39m
2025-05-01 10:43:00:430 [32minfo[39m: [32mMongoDB database connected successfully[39m
2025-05-01 10:43:02:432 [32minfo[39m: [32mMongoDB database connected successfully[39m
2025-05-01 10:43:02:432 [32minfo[39m: [32mMongoDB database connected successfully[39m
2025-05-01 10:43:09:439 [32minfo[39m: [32mServer is listening on port 3001...[39m
2025-05-01 10:43:13:4313 [32minfo[39m: [32mServer is listening on port 3001...[39m
2025-05-01 10:43:15:4315 [32minfo[39m: [32mMongoDB database connected successfully[39m
2025-05-01 10:43:15:4315 [32minfo[39m: [32mMongoDB database connected successfully[39m
2025-05-01 10:43:15:4315 [32minfo[39m: [32mMongoDB database connected successfully[39m
2025-05-01 10:43:33:4333 [32minfo[39m: [32mServer is listening on port 3001...[39m
2025-05-01 10:43:36:4336 [32minfo[39m: [32mMongoDB database connected successfully[39m
2025-05-01 10:44:10:4410 [32minfo[39m: [32mServer is listening on port 3001...[39m
2025-05-01 10:44:14:4414 [32minfo[39m: [32mServer is listening on port 3001...[39m
2025-05-01 10:44:16:4416 [32minfo[39m: [32mMongoDB database connected successfully[39m
2025-05-01 10:44:16:4416 [32minfo[39m: [32mMongoDB database connected successfully[39m
2025-05-01 10:44:21:4421 [32minfo[39m: [32mServer is listening on port 3001...[39m
2025-05-01 10:44:23:4423 [32minfo[39m: [32mServer is listening on port 3001...[39m
2025-05-01 10:44:26:4426 [32minfo[39m: [32mMongoDB database connected successfully[39m
2025-05-01 10:44:26:4426 [32minfo[39m: [32mMongoDB database connected successfully[39m
2025-05-01 10:46:47:4647 [32minfo[39m: [32mServer is listening on port 3001...[39m
2025-05-01 10:46:49:4649 [32minfo[39m: [32mServer is listening on port 3001...[39m
2025-05-01 10:46:51:4651 [32minfo[39m: [32mMongoDB database connected successfully[39m
2025-05-01 10:46:51:4651 [32minfo[39m: [32mMongoDB database connected successfully[39m
2025-05-01 10:47:06:476 [32minfo[39m: [32mServer is listening on port 3001...[39m
2025-05-01 10:47:09:479 [32minfo[39m: [32mMongoDB database connected successfully[39m
2025-05-01 10:47:09:479 [32minfo[39m: [32mMongoDB database connected successfully[39m
2025-05-01 10:47:13:4713 [32minfo[39m: [32mServer is listening on port 3001...[39m
2025-05-01 10:47:16:4716 [32minfo[39m: [32mMongoDB database connected successfully[39m
2025-05-01 10:47:16:4716 [32minfo[39m: [32mMongoDB database connected successfully[39m
2025-05-01 10:49:46:4946 [32minfo[39m: [32mServer is listening on port 3001...[39m
2025-05-01 10:49:48:4948 [32minfo[39m: [32mMongoDB database connected successfully[39m
2025-05-01 10:49:49:4949 [32minfo[39m: [32mMongoDB database connected successfully[39m
2025-05-01 10:52:10:5210 [32minfo[39m: [32mServer is listening on port 3001...[39m
2025-05-01 10:52:11:5211 [32minfo[39m: [32mMongoDB database connected successfully[39m
2025-05-01 10:52:13:5213 [32minfo[39m: [32mMongoDB database connected successfully[39m
2025-05-01 10:53:27:5327 [32minfo[39m: [32mServer is listening on port 3001...[39m
2025-05-01 10:53:30:5330 [32minfo[39m: [32mMongoDB database connected successfully[39m
2025-05-01 10:53:30:5330 [32minfo[39m: [32mMongoDB database connected successfully[39m
2025-05-01 10:53:44:5344 [32minfo[39m: [32mServer is listening on port 3001...[39m
2025-05-01 10:53:45:5345 [32minfo[39m: [32mServer is listening on port 3001...[39m
2025-05-01 10:53:48:5348 [32minfo[39m: [32mMongoDB database connected successfully[39m
2025-05-01 10:53:48:5348 [32minfo[39m: [32mMongoDB database connected successfully[39m
2025-05-01 10:54:01:541 [32minfo[39m: [32mServer is listening on port 3001...[39m
2025-05-01 10:54:02:542 [32minfo[39m: [32mServer is listening on port 3001...[39m
2025-05-01 10:54:03:543 [32minfo[39m: [32mMongoDB database connected successfully[39m
2025-05-01 10:54:05:545 [32minfo[39m: [32mMongoDB database connected successfully[39m
2025-05-01 10:54:17:5417 [32minfo[39m: [32mServer is listening on port 3001...[39m
2025-05-01 10:54:20:5420 [32minfo[39m: [32mServer is listening on port 3001...[39m
2025-05-01 10:54:23:5423 [32minfo[39m: [32mMongoDB database connected successfully[39m
2025-05-01 10:54:23:5423 [32minfo[39m: [32mMongoDB database connected successfully[39m
